<?xml version="1.0" encoding="UTF-8"?>
<!-- Generated by org.testng.reporters.JUnitReportReporter -->
<testsuite hostname="Denniss-MBP.fios-router.home" name="com.TestRunner.TestRunner" tests="1" failures="0" timestamp="1 Jul 2019 15:15:52 GMT" time="8.342" errors="0">
  <testcase name="feature" time="8.342" classname="com.TestRunner.TestRunner"/>
</testsuite> <!-- com.TestRunner.TestRunner -->
