<?xml version="1.0" encoding="UTF-8"?>
<!-- Generated by org.testng.reporters.JUnitReportReporter -->
<testsuite hostname="Denniss-MBP.fios-router.home" name="com.TestRunner.TestRunner" tests="1" failures="0" timestamp="2 Jul 2019 16:09:46 GMT" time="9.228" errors="0">
  <testcase name="feature" time="9.228" classname="com.TestRunner.TestRunner"/>
</testsuite> <!-- com.TestRunner.TestRunner -->
